android/app/build/intermediates/manifest_merge_blame_file/debug/processDebugMainManifest/manifest-merger-blame-debug-report.txt
1<?xml version="1.0" encoding="utf-8"?>
2<manifest xmlns:android="http://schemas.android.com/apk/res/android"
3    package="com.luomic.app.debug"
4    android:versionCode="1"
5    android:versionName="1.0.0" >
6
7    <uses-sdk
8        android:minSdkVersion="24"
9        android:targetSdkVersion="34" />
10
11    <!-- 网络：局域网发现与音频传输 -->
12    <uses-permission android:name="android.permission.INTERNET" />
12-->src/main/AndroidManifest.xml:6:5-67
12-->src/main/AndroidManifest.xml:6:22-64
13    <uses-permission android:name="android.permission.ACCESS_NETWORK_STATE" />
13-->src/main/AndroidManifest.xml:7:5-79
13-->src/main/AndroidManifest.xml:7:22-76
14    <uses-permission android:name="android.permission.ACCESS_WIFI_STATE" />
14-->src/main/AndroidManifest.xml:8:5-76
14-->src/main/AndroidManifest.xml:8:22-73
15    <uses-permission android:name="android.permission.CHANGE_WIFI_MULTICAST_STATE" />
15-->src/main/AndroidManifest.xml:9:5-86
15-->src/main/AndroidManifest.xml:9:22-83
16
17    <!-- 麦克风 -->
18    <uses-permission android:name="android.permission.RECORD_AUDIO" />
18-->src/main/AndroidManifest.xml:12:5-71
18-->src/main/AndroidManifest.xml:12:22-68
19
20    <!-- 前台服务：锁屏/后台继续传输 -->
21    <uses-permission android:name="android.permission.FOREGROUND_SERVICE" />
21-->src/main/AndroidManifest.xml:15:5-77
21-->src/main/AndroidManifest.xml:15:22-74
22    <uses-permission android:name="android.permission.FOREGROUND_SERVICE_MICROPHONE" />
22-->src/main/AndroidManifest.xml:16:5-88
22-->src/main/AndroidManifest.xml:16:22-85
23    <uses-permission android:name="android.permission.POST_NOTIFICATIONS" />
23-->src/main/AndroidManifest.xml:17:5-77
23-->src/main/AndroidManifest.xml:17:22-74
24    <uses-permission android:name="android.permission.WAKE_LOCK" />
24-->src/main/AndroidManifest.xml:18:5-68
24-->src/main/AndroidManifest.xml:18:22-65
25
26    <uses-feature
26-->src/main/AndroidManifest.xml:20:5-88
27        android:name="android.hardware.microphone"
27-->src/main/AndroidManifest.xml:20:19-61
28        android:required="true" />
28-->src/main/AndroidManifest.xml:20:62-85
29
30    <application
30-->src/main/AndroidManifest.xml:22:5-49:19
31        android:allowBackup="true"
31-->src/main/AndroidManifest.xml:23:9-35
32        android:dataExtractionRules="@xml/data_extraction_rules"
32-->src/main/AndroidManifest.xml:24:9-65
33        android:debuggable="true"
34        android:extractNativeLibs="false"
35        android:icon="@mipmap/ic_launcher"
35-->src/main/AndroidManifest.xml:25:9-43
36        android:label="@string/app_name"
36-->src/main/AndroidManifest.xml:26:9-41
37        android:supportsRtl="true"
37-->src/main/AndroidManifest.xml:27:9-35
38        android:theme="@style/Theme.LuoMic"
38-->src/main/AndroidManifest.xml:28:9-44
39        android:usesCleartextTraffic="true" >
39-->src/main/AndroidManifest.xml:29:9-44
40        <activity
40-->src/main/AndroidManifest.xml:32:9-42:20
41            android:name="com.luomic.app.MainActivity"
41-->src/main/AndroidManifest.xml:33:13-41
42            android:exported="true"
42-->src/main/AndroidManifest.xml:34:13-36
43            android:launchMode="singleTask"
43-->src/main/AndroidManifest.xml:35:13-44
44            android:screenOrientation="portrait" >
44-->src/main/AndroidManifest.xml:36:13-49
45            <intent-filter>
45-->src/main/AndroidManifest.xml:38:13-41:29
46                <action android:name="android.intent.action.MAIN" />
46-->src/main/AndroidManifest.xml:39:17-69
46-->src/main/AndroidManifest.xml:39:25-66
47
48                <category android:name="android.intent.category.LAUNCHER" />
48-->src/main/AndroidManifest.xml:40:17-77
48-->src/main/AndroidManifest.xml:40:27-74
49            </intent-filter>
50        </activity>
51
52        <service
52-->src/main/AndroidManifest.xml:44:9-48:44
53            android:name="com.luomic.app.MicService"
53-->src/main/AndroidManifest.xml:45:13-39
54            android:exported="false"
54-->src/main/AndroidManifest.xml:46:13-37
55            android:foregroundServiceType="microphone"
55-->src/main/AndroidManifest.xml:47:13-55
56            android:stopWithTask="false" />
56-->src/main/AndroidManifest.xml:48:13-41
57    </application>
58
59</manifest>